<?xml version="1.0" encoding="UTF-8"?>
<!-- Generated by org.testng.reporters.JUnitReportReporter -->
<testsuite hostname="EPINPUNW0467" failures="0" tests="1" name="fourPet.schemaTest" time="2.808" errors="0" timestamp="29 Nov 2024 06:03:12 GMT">
  <testcase classname="fourPet.schemaTest" name="testPetdata" time="2.808"/>
</testsuite> <!-- fourPet.schemaTest -->
