<?xml version="1.0" encoding="UTF-8"?>
<!-- Generated by org.testng.reporters.JUnitReportReporter -->
<testsuite hostname="EPINPUNW0467" failures="0" tests="4" name="ZippopotamBasicTestDay1" time="3.128" errors="0" timestamp="22 Nov 2024 06:10:53 GMT">
  <testcase classname="ZippopotamBasicTestDay1" name="placeVerify" time="0.913"/>
  <testcase classname="ZippopotamBasicTestDay1" name="negativeScen" time="1.366"/>
  <testcase classname="ZippopotamBasicTestDay1" name="verifyAPresopnse" time="0.415"/>
  <testcase classname="ZippopotamBasicTestDay1" name="verifyCountryDetails" time="0.434"/>
</testsuite> <!-- ZippopotamBasicTestDay1 -->
