<?xml version="1.0" encoding="UTF-8"?>
<!-- Generated by org.testng.reporters.JUnitReportReporter -->
<testsuite hostname="EPINPUNW0467" failures="0" tests="2" name="Task7" time="2.531" errors="0" timestamp="30 Nov 2024 09:35:28 GMT">
  <testcase classname="Task7" name="weatherTask7A" time="1.974"/>
  <testcase classname="Task7" name="weatherTask7B" time="0.557"/>
</testsuite> <!-- Task7 -->
