<?xml version="1.0" encoding="UTF-8"?>
<!-- Generated by org.testng.reporters.JUnitReportReporter -->
<testsuite hostname="EPINPUNW0467" failures="0" tests="1" name="ExtractDataTest" time="1.668" errors="0" timestamp="23 Nov 2024 04:34:37 GMT">
  <testcase classname="ExtractDataTest" name="verifyData" time="1.668"/>
</testsuite> <!-- ExtractDataTest -->
