<?xml version="1.0" encoding="UTF-8"?>
<!-- Generated by org.testng.reporters.JUnitReportReporter -->
<testsuite hostname="EPINPUNW0467" failures="0" tests="8" name="DataDrivenTestDay2" time="7.002" errors="0" timestamp="23 Nov 2024 03:15:24 GMT">
  <testcase classname="DataDrivenTestDay2" name="verifyStates" time="0.680"/>
  <testcase classname="DataDrivenTestDay2" name="verifyStates" time="0.584"/>
  <testcase classname="DataDrivenTestDay2" name="verifyStates" time="0.631"/>
  <testcase classname="DataDrivenTestDay2" name="verifyState4" time="1.003"/>
  <testcase classname="DataDrivenTestDay2" name="verifyStates" time="0.784"/>
  <testcase classname="DataDrivenTestDay2" name="verifyState2" time="0.610"/>
  <testcase classname="DataDrivenTestDay2" name="verifyState1" time="1.682"/>
  <testcase classname="DataDrivenTestDay2" name="verifyState3" time="1.028"/>
</testsuite> <!-- DataDrivenTestDay2 -->
