<?xml version="1.0" encoding="UTF-8"?>
<!-- Generated by org.testng.reporters.JUnitReportReporter -->
<testsuite hostname="EPINPUNW0467" failures="0" tests="4" name="SpecificationTestsZippopotamBasicTestDay2" time="2.650" errors="0" timestamp="22 Nov 2024 08:26:19 GMT">
  <testcase classname="SpecificationTestsZippopotamBasicTestDay2" name="placeVerify" time="0.919"/>
  <testcase classname="SpecificationTestsZippopotamBasicTestDay2" name="negativeScen" time="0.976"/>
  <testcase classname="SpecificationTestsZippopotamBasicTestDay2" name="verifyCountryDetails" time="0.395"/>
  <testcase classname="SpecificationTestsZippopotamBasicTestDay2" name="verifyAPresopnse" time="0.360"/>
</testsuite> <!-- SpecificationTestsZippopotamBasicTestDay2 -->
