<?xml version="1.0" encoding="UTF-8"?>
<!-- Generated by org.testng.reporters.JUnitReportReporter -->
<testsuite hostname="EPINPUNW0467" failures="0" tests="4" name="ZippopotamBasicTestDay2" time="3.240" errors="0" timestamp="22 Nov 2024 06:21:02 GMT">
  <testcase classname="ZippopotamBasicTestDay2" name="negativeScen" time="0.937"/>
  <testcase classname="ZippopotamBasicTestDay2" name="verifyCountryDetails" time="0.389"/>
  <testcase classname="ZippopotamBasicTestDay2" name="placeVerify" time="1.511"/>
  <testcase classname="ZippopotamBasicTestDay2" name="verifyAPresopnse" time="0.403"/>
</testsuite> <!-- ZippopotamBasicTestDay2 -->
