<?xml version="1.0" encoding="UTF-8"?>
<!-- Generated by org.testng.reporters.JUnitReportReporter -->
<testsuite hostname="EPINPUNW0467" failures="0" tests="1" name="Task4" time="4.316" errors="0" timestamp="30 Nov 2024 04:12:48 GMT">
  <testcase classname="Task4" name="Task4Test" time="4.316"/>
</testsuite> <!-- Task4 -->
