<?xml version="1.0" encoding="UTF-8"?>
<!-- Generated by org.testng.reporters.JUnitReportReporter -->
<testsuite hostname="EPINPUNW0467" failures="0" tests="1" name="pettestdata" time="2.903" errors="0" timestamp="27 Nov 2024 12:54:49 GMT">
  <testcase classname="pettestdata" name="testPetdata" time="2.903"/>
</testsuite> <!-- pettestdata -->
