<?xml version="1.0" encoding="UTF-8"?>
<!-- Generated by org.testng.reporters.JUnitReportReporter -->
<testsuite hostname="EPINPUNW0467" failures="0" tests="1" name="authTEST.BasicAuthTesting" time="2.992" errors="0" timestamp="23 Nov 2024 12:46:16 GMT">
  <testcase classname="authTEST.BasicAuthTesting" name="basicAuth" time="2.992"/>
</testsuite> <!-- authTEST.BasicAuthTesting -->
